<?xml version="1.0" encoding="UTF-8"?>
<!-- Generated by org.testng.reporters.JUnitReportReporter -->
<testsuite hostname="DESKTOP-MGIH2GK" failures="0" tests="1" name="Com.Ecommerce.TestCases.TC_LoginApplication" time="7.054" errors="0" timestamp="2024-03-19T15:33:29 IST" skipped="0">
  <testcase classname="Com.Ecommerce.TestCases.TC_LoginApplication" name="Login" time="7.054"/>
</testsuite> <!-- Com.Ecommerce.TestCases.TC_LoginApplication -->
