<?xml version="1.0" encoding="UTF-8"?>
<!-- Generated by org.testng.reporters.JUnitReportReporter -->
<testsuite hostname="DESKTOP-MGIH2GK" failures="0" tests="1" name="Com.Ecommerce.TestCases.TC_NewRegistration" time="5.931" errors="0" timestamp="2024-03-19T15:33:29 IST" skipped="0">
  <testcase classname="Com.Ecommerce.TestCases.TC_NewRegistration" name="Registration" time="5.931"/>
</testsuite> <!-- Com.Ecommerce.TestCases.TC_NewRegistration -->
